# JRE version: OpenJDK Runtime Environment Temurin-17.0.6+10 (17.0.6+10) (build 17.0.6+10)
# Java VM: OpenJDK 64-Bit Server VM Temurin-17.0.6+10 (17.0.6+10, mixed mode, tiered, compressed oops, compressed class ptrs, g1 gc, windows-amd64)
GC Precious Log:
 CPUs: 4 total, 4 available
 Memory: 4000M
 Large Page Support: Disabled
 NUMA Support: Disabled
 Compressed Oops: Enabled (32-bit)
 Heap Region Size: 1M
 Heap Min Capacity: 8M
 Heap Initial Capacity: 64M
 Heap Max Capacity: 1002M
 Pre-touch: Disabled
 Parallel Workers: 4
 Concurrent Workers: 1
 Concurrent Refinement Workers: 4
 Periodic GC: Disabled
Heap:
 garbage-first heap   total 75776K, used 50512K [0x00000000c1600000, 0x0000000100000000)
  region size 1024K, 10 young (10240K), 1 survivors (1024K)
 Metaspace       used 38349K, committed 38720K, reserved 1089536K
  class space    used 4426K, committed 4608K, reserved 1048576K
GC Heap History (20 events):
Event: 4.480 GC heap before
{Heap before GC invocations=3 (full 0):
 garbage-first heap   total 65536K, used 24092K [0x00000000c1600000, 0x0000000100000000)
  region size 1024K, 18 young (18432K), 2 survivors (2048K)
 Metaspace       used 21228K, committed 21504K, reserved 1073152K
  class space    used 2375K, committed 2496K, reserved 1048576K
}
Event: 4.486 GC heap after
{Heap after GC invocations=4 (full 0):
 garbage-first heap   total 65536K, used 9552K [0x00000000c1600000, 0x0000000100000000)
  region size 1024K, 3 young (3072K), 3 survivors (3072K)
 Metaspace       used 21228K, committed 21504K, reserved 1073152K
  class space    used 2375K, committed 2496K, reserved 1048576K
}
Event: 5.864 GC heap before
{Heap before GC invocations=5 (full 0):
 garbage-first heap   total 37888K, used 27984K [0x00000000c1600000, 0x0000000100000000)
  region size 1024K, 22 young (22528K), 3 survivors (3072K)
 Metaspace       used 27444K, committed 27776K, reserved 1073152K
  class space    used 3093K, committed 3264K, reserved 1048576K
}
Event: 5.881 GC heap after
{Heap after GC invocations=6 (full 0):
 garbage-first heap   total 37888K, used 12351K [0x00000000c1600000, 0x0000000100000000)
  region size 1024K, 3 young (3072K), 3 survivors (3072K)
 Metaspace       used 27444K, committed 27776K, reserved 1073152K
  class space    used 3093K, committed 3264K, reserved 1048576K
}
Event: 6.710 GC heap before
{Heap before GC invocations=6 (full 0):
 garbage-first heap   total 37888K, used 23615K [0x00000000c1600000, 0x0000000100000000)
  region size 1024K, 14 young (14336K), 3 survivors (3072K)
 Metaspace       used 30886K, committed 31232K, reserved 1081344K
  class space    used 3523K, committed 3712K, reserved 1048576K
}
Event: 6.718 GC heap after
{Heap after GC invocations=7 (full 0):
 garbage-first heap   total 37888K, used 13686K [0x00000000c1600000, 0x0000000100000000)
  region size 1024K, 2 young (2048K), 2 survivors (2048K)
 Metaspace       used 30886K, committed 31232K, reserved 1081344K
  class space    used 3523K, committed 3712K, reserved 1048576K
}
Event: 7.363 GC heap before
{Heap before GC invocations=7 (full 0):
 garbage-first heap   total 37888K, used 24950K [0x00000000c1600000, 0x0000000100000000)
  region size 1024K, 13 young (13312K), 2 survivors (2048K)
 Metaspace       used 33288K, committed 33664K, reserved 1081344K
  class space    used 3855K, committed 4032K, reserved 1048576K
}
Event: 7.368 GC heap after
{Heap after GC invocations=8 (full 0):
 garbage-first heap   total 37888K, used 13964K [0x00000000c1600000, 0x0000000100000000)
  region size 1024K, 2 young (2048K), 2 survivors (2048K)
 Metaspace       used 33288K, committed 33664K, reserved 1081344K
  class space    used 3855K, committed 4032K, reserved 1048576K
}
Event: 7.426 GC heap before
{Heap before GC invocations=8 (full 0):
 garbage-first heap   total 37888K, used 13964K [0x00000000c1600000, 0x0000000100000000)
  region size 1024K, 4 young (4096K), 2 survivors (2048K)
 Metaspace       used 33578K, committed 33984K, reserved 1081344K
  class space    used 3896K, committed 4096K, reserved 1048576K
}
Event: 7.430 GC heap after
{Heap after GC invocations=9 (full 0):
 garbage-first heap   total 37888K, used 14325K [0x00000000c1600000, 0x0000000100000000)
  region size 1024K, 1 young (1024K), 1 survivors (1024K)
 Metaspace       used 33578K, committed 33984K, reserved 1081344K
  class space    used 3896K, committed 4096K, reserved 1048576K
}
Event: 26.406 GC heap before
{Heap before GC invocations=9 (full 0):
 garbage-first heap   total 37888K, used 32757K [0x00000000c1600000, 0x0000000100000000)
  region size 1024K, 10 young (10240K), 1 survivors (1024K)
 Metaspace       used 35558K, committed 35968K, reserved 1081344K
  class space    used 4165K, committed 4352K, reserved 1048576K
}
Event: 26.413 GC heap after
{Heap after GC invocations=10 (full 0):
 garbage-first heap   total 47104K, used 25661K [0x00000000c1600000, 0x0000000100000000)
  region size 1024K, 2 young (2048K), 2 survivors (2048K)
 Metaspace       used 35558K, committed 35968K, reserved 1081344K
  class space    used 4165K, committed 4352K, reserved 1048576K
}
Event: 26.522 GC heap before
{Heap before GC invocations=10 (full 0):
 garbage-first heap   total 47104K, used 25661K [0x00000000c1600000, 0x0000000100000000)
  region size 1024K, 3 young (3072K), 2 survivors (2048K)
 Metaspace       used 35594K, committed 35968K, reserved 1081344K
  class space    used 4170K, committed 4352K, reserved 1048576K
}
Event: 26.528 GC heap after
{Heap after GC invocations=11 (full 0):
 garbage-first heap   total 47104K, used 25900K [0x00000000c1600000, 0x0000000100000000)
  region size 1024K, 1 young (1024K), 1 survivors (1024K)
 Metaspace       used 35594K, committed 35968K, reserved 1081344K
  class space    used 4170K, committed 4352K, reserved 1048576K
}
Event: 31.284 GC heap before
{Heap before GC invocations=12 (full 0):
 garbage-first heap   total 48128K, used 29996K [0x00000000c1600000, 0x0000000100000000)
  region size 1024K, 6 young (6144K), 1 survivors (1024K)
 Metaspace       used 35844K, committed 36288K, reserved 1081344K
  class space    used 4202K, committed 4416K, reserved 1048576K
}
Event: 31.287 GC heap after
{Heap after GC invocations=13 (full 0):
 garbage-first heap   total 48128K, used 26324K [0x00000000c1600000, 0x0000000100000000)
  region size 1024K, 1 young (1024K), 1 survivors (1024K)
 Metaspace       used 35844K, committed 36288K, reserved 1081344K
  class space    used 4202K, committed 4416K, reserved 1048576K
}
Event: 44.176 GC heap before
{Heap before GC invocations=14 (full 0):
 garbage-first heap   total 56320K, used 34516K [0x00000000c1600000, 0x0000000100000000)
  region size 1024K, 6 young (6144K), 1 survivors (1024K)
 Metaspace       used 35990K, committed 36416K, reserved 1081344K
  class space    used 4201K, committed 4416K, reserved 1048576K
}
Event: 44.179 GC heap after
{Heap after GC invocations=15 (full 0):
 garbage-first heap   total 56320K, used 31906K [0x00000000c1600000, 0x0000000100000000)
  region size 1024K, 2 young (2048K), 2 survivors (2048K)
 Metaspace       used 35990K, committed 36416K, reserved 1081344K
  class space    used 4201K, committed 4416K, reserved 1048576K
}
Event: 63.076 GC heap before
{Heap before GC invocations=16 (full 0):
 garbage-first heap   total 66560K, used 39074K [0x00000000c1600000, 0x0000000100000000)
  region size 1024K, 6 young (6144K), 2 survivors (2048K)
 Metaspace       used 36145K, committed 36544K, reserved 1081344K
  class space    used 4203K, committed 4416K, reserved 1048576K
}
Event: 63.080 GC heap after
{Heap after GC invocations=17 (full 0):
 garbage-first heap   total 66560K, used 37200K [0x00000000c1600000, 0x0000000100000000)
  region size 1024K, 1 young (1024K), 1 survivors (1024K)
 Metaspace       used 36145K, committed 36544K, reserved 1081344K
  class space    used 4203K, committed 4416K, reserved 1048576K
}

