# JRE version: OpenJDK Runtime Environment Temurin-17.0.6+10 (17.0.6+10) (build 17.0.6+10)
# Java VM: OpenJDK 64-Bit Server VM Temurin-17.0.6+10 (17.0.6+10, mixed mode, tiered, compressed oops, compressed class ptrs, g1 gc, windows-amd64)
GC Precious Log:
 CPUs: 4 total, 4 available
 Memory: 4000M
 Large Page Support: Disabled
 NUMA Support: Disabled
 Compressed Oops: Enabled (32-bit)
 Heap Region Size: 1M
 Heap Min Capacity: 8M
 Heap Initial Capacity: 64M
 Heap Max Capacity: 1002M
 Pre-touch: Disabled
 Parallel Workers: 4
 Concurrent Workers: 1
 Concurrent Refinement Workers: 4
 Periodic GC: Disabled
Heap:
 garbage-first heap   total 37888K, used 22811K [0x00000000c1600000, 0x0000000100000000)
  region size 1024K, 6 young (6144K), 1 survivors (1024K)
 Metaspace       used 34375K, committed 34688K, reserved 1081344K
  class space    used 4009K, committed 4160K, reserved 1048576K
GC Heap History (16 events):
Event: 1.329 GC heap before
{Heap before GC invocations=0 (full 0):
 garbage-first heap   total 65536K, used 12288K [0x00000000c1600000, 0x0000000100000000)
  region size 1024K, 13 young (13312K), 0 survivors (0K)
 Metaspace       used 8471K, committed 8640K, reserved 1056768K
  class space    used 745K, committed 832K, reserved 1048576K
}
Event: 1.339 GC heap after
{Heap after GC invocations=1 (full 0):
 garbage-first heap   total 65536K, used 6524K [0x00000000c1600000, 0x0000000100000000)
  region size 1024K, 2 young (2048K), 2 survivors (2048K)
 Metaspace       used 8471K, committed 8640K, reserved 1056768K
  class space    used 745K, committed 832K, reserved 1048576K
}
Event: 3.422 GC heap before
{Heap before GC invocations=1 (full 0):
 garbage-first heap   total 65536K, used 16764K [0x00000000c1600000, 0x0000000100000000)
  region size 1024K, 12 young (12288K), 2 survivors (2048K)
 Metaspace       used 14284K, committed 14464K, reserved 1064960K
  class space    used 1409K, committed 1472K, reserved 1048576K
}
Event: 3.431 GC heap after
{Heap after GC invocations=2 (full 0):
 garbage-first heap   total 65536K, used 7745K [0x00000000c1600000, 0x0000000100000000)
  region size 1024K, 2 young (2048K), 2 survivors (2048K)
 Metaspace       used 14284K, committed 14464K, reserved 1064960K
  class space    used 1409K, committed 1472K, reserved 1048576K
}
Event: 6.220 GC heap before
{Heap before GC invocations=2 (full 0):
 garbage-first heap   total 65536K, used 26177K [0x00000000c1600000, 0x0000000100000000)
  region size 1024K, 20 young (20480K), 2 survivors (2048K)
 Metaspace       used 18923K, committed 19200K, reserved 1073152K
  class space    used 2059K, committed 2176K, reserved 1048576K
}
Event: 6.229 GC heap after
{Heap after GC invocations=3 (full 0):
 garbage-first heap   total 65536K, used 8726K [0x00000000c1600000, 0x0000000100000000)
  region size 1024K, 3 young (3072K), 3 survivors (3072K)
 Metaspace       used 18923K, committed 19200K, reserved 1073152K
  class space    used 2059K, committed 2176K, reserved 1048576K
}
Event: 9.210 GC heap before
{Heap before GC invocations=3 (full 0):
 garbage-first heap   total 65536K, used 18966K [0x00000000c1600000, 0x0000000100000000)
  region size 1024K, 14 young (14336K), 3 survivors (3072K)
 Metaspace       used 21200K, committed 21504K, reserved 1073152K
  class space    used 2346K, committed 2496K, reserved 1048576K
}
Event: 9.219 GC heap after
{Heap after GC invocations=4 (full 0):
 garbage-first heap   total 65536K, used 9597K [0x00000000c1600000, 0x0000000100000000)
  region size 1024K, 3 young (3072K), 3 survivors (3072K)
 Metaspace       used 21200K, committed 21504K, reserved 1073152K
  class space    used 2346K, committed 2496K, reserved 1048576K
}
Event: 11.273 GC heap before
{Heap before GC invocations=5 (full 0):
 garbage-first heap   total 37888K, used 28029K [0x00000000c1600000, 0x0000000100000000)
  region size 1024K, 22 young (22528K), 3 survivors (3072K)
 Metaspace       used 28951K, committed 29312K, reserved 1081344K
  class space    used 3228K, committed 3392K, reserved 1048576K
}
Event: 11.295 GC heap after
{Heap after GC invocations=6 (full 0):
 garbage-first heap   total 37888K, used 12445K [0x00000000c1600000, 0x0000000100000000)
  region size 1024K, 3 young (3072K), 3 survivors (3072K)
 Metaspace       used 28951K, committed 29312K, reserved 1081344K
  class space    used 3228K, committed 3392K, reserved 1048576K
}
Event: 11.354 GC heap before
{Heap before GC invocations=6 (full 0):
 garbage-first heap   total 37888K, used 13469K [0x00000000c1600000, 0x0000000100000000)
  region size 1024K, 4 young (4096K), 3 survivors (3072K)
 Metaspace       used 29156K, committed 29568K, reserved 1081344K
  class space    used 3255K, committed 3456K, reserved 1048576K
}
Event: 11.362 GC heap after
{Heap after GC invocations=7 (full 0):
 garbage-first heap   total 37888K, used 13160K [0x00000000c1600000, 0x0000000100000000)
  region size 1024K, 1 young (1024K), 1 survivors (1024K)
 Metaspace       used 29156K, committed 29568K, reserved 1081344K
  class space    used 3255K, committed 3456K, reserved 1048576K
}
Event: 12.830 GC heap before
{Heap before GC invocations=7 (full 0):
 garbage-first heap   total 37888K, used 24424K [0x00000000c1600000, 0x0000000100000000)
  region size 1024K, 12 young (12288K), 1 survivors (1024K)
 Metaspace       used 32215K, committed 32576K, reserved 1081344K
  class space    used 3676K, committed 3840K, reserved 1048576K
}
Event: 12.833 GC heap after
{Heap after GC invocations=8 (full 0):
 garbage-first heap   total 37888K, used 13388K [0x00000000c1600000, 0x0000000100000000)
  region size 1024K, 1 young (1024K), 1 survivors (1024K)
 Metaspace       used 32215K, committed 32576K, reserved 1081344K
  class space    used 3676K, committed 3840K, reserved 1048576K
}
Event: 13.092 GC heap before
{Heap before GC invocations=8 (full 0):
 garbage-first heap   total 37888K, used 16460K [0x00000000c1600000, 0x0000000100000000)
  region size 1024K, 6 young (6144K), 1 survivors (1024K)
 Metaspace       used 33368K, committed 33728K, reserved 1081344K
  class space    used 3845K, committed 4032K, reserved 1048576K
}
Event: 13.097 GC heap after
{Heap after GC invocations=9 (full 0):
 garbage-first heap   total 37888K, used 13595K [0x00000000c1600000, 0x0000000100000000)
  region size 1024K, 1 young (1024K), 1 survivors (1024K)
 Metaspace       used 33368K, committed 33728K, reserved 1081344K
  class space    used 3845K, committed 4032K, reserved 1048576K
}

