<?xml version="1.0" encoding="UTF-8"?>
<!-- Generated by org.testng.reporters.JUnitXMLReporter -->
<testsuite ignored="6" hostname="DESKTOP-56HVALE" failures="0" tests="4" name="ChromeTest" time="158.497" errors="0" timestamp="2023-11-06T21:20:12 IST">
  <testcase classname="testCases.LoginTestCase" name="verifyValidLogin" time="8.225"/>
  <testcase classname="testCases.ClientTestCases" name="createClient" time="32.362"/>
  <testcase classname="testCases.WorkersTestCases" name="searchAndEditWorker" time="30.599"/>
  <testcase classname="testCases.TimeSheetTestCases" name="createTimeSheetFromFile" time="26.682"/>
  <testcase classname="testCases.LoginTestCase" name="verifyInValidLogin" time="0.0">
    <ignored/>
  </testcase> <!-- verifyInValidLogin -->
  <testcase classname="testCases.TimeSheetTestCases" name="generatePaySlip" time="0.0">
    <ignored/>
  </testcase> <!-- generatePaySlip -->
  <testcase classname="testCases.TimeSheetTestCases" name="cancelInvoiceGeneraion" time="0.0">
    <ignored/>
  </testcase> <!-- cancelInvoiceGeneraion -->
  <testcase classname="testCases.WorkersTestCases" name="deleteWorker" time="0.0">
    <ignored/>
  </testcase> <!-- deleteWorker -->
  <testcase classname="testCases.ClientTestCases" name="searchAndViewClient" time="0.0">
    <ignored/>
  </testcase> <!-- searchAndViewClient -->
  <testcase classname="testCases.TimeSheetTestCases" name="logout" time="0.0">
    <ignored/>
  </testcase> <!-- logout -->
</testsuite> <!-- ChromeTest -->
