<?xml version="1.0" encoding="UTF-8"?>
<!-- Generated by org.testng.reporters.JUnitXMLReporter -->
<testsuite ignored="6" hostname="DESKTOP-56HVALE" failures="0" tests="5" name="EdgeTest" time="205.714" errors="0" timestamp="2023-11-06T21:20:58 IST">
  <testcase classname="testCases.LoginTestCase" name="verifyValidLogin" time="10.853"/>
  <testcase classname="testCases.ClientTestCases" name="createClient" time="37.037"/>
  <testcase classname="testCases.WorkersTestCases" name="searchAndEditWorker" time="28.732">
    <skipped/>
  </testcase> <!-- searchAndEditWorker -->
  <testcase classname="testCases.WorkersTestCases" name="searchAndEditWorker" time="20.427"/>
  <testcase classname="testCases.TimeSheetTestCases" name="createTimeSheetFromFile" time="21.451"/>
  <testcase classname="testCases.LoginTestCase" name="verifyInValidLogin" time="0.0">
    <ignored/>
  </testcase> <!-- verifyInValidLogin -->
  <testcase classname="testCases.TimeSheetTestCases" name="cancelInvoiceGeneraion" time="0.0">
    <ignored/>
  </testcase> <!-- cancelInvoiceGeneraion -->
  <testcase classname="testCases.ClientTestCases" name="searchAndViewClient" time="0.0">
    <ignored/>
  </testcase> <!-- searchAndViewClient -->
  <testcase classname="testCases.TimeSheetTestCases" name="logout" time="0.0">
    <ignored/>
  </testcase> <!-- logout -->
  <testcase classname="testCases.TimeSheetTestCases" name="generatePaySlip" time="0.0">
    <ignored/>
  </testcase> <!-- generatePaySlip -->
  <testcase classname="testCases.WorkersTestCases" name="deleteWorker" time="0.0">
    <ignored/>
  </testcase> <!-- deleteWorker -->
</testsuite> <!-- EdgeTest -->
